<?xml version="1.0" encoding="UTF-8"?>
<!-- Generated by org.testng.reporters.JUnitXMLReporter -->
<testsuite ignored="1" hostname="Vijays-MacBook-Pro.local" failures="0" tests="4" name="Test" time="0.093" errors="0" timestamp="2022-02-15T23:20:59 CST">
  <testcase classname="com.testNg.testNgAnnotations" name="testcase5" time="0.007"/>
  <testcase classname="com.testNg.testNgAnnotations" name="testcase1" time="0.001"/>
  <testcase classname="com.testNg.testNgAnnotations" name="Testcase3" time="0.004"/>
  <testcase classname="com.testNg.testNgAnnotations" name="testcase2" time="0.001"/>
  <testcase classname="com.testNg.testNgAnnotations" name="Testcase4" time="0.0">
    <ignored/>
  </testcase> <!-- Testcase4 -->
</testsuite> <!-- Test -->
