<?xml version="1.0" encoding="UTF-8"?>
<testng-results ignored="1" total="5" passed="4" failed="0" skipped="0">
  <reporter-output>
  </reporter-output>
  <suite started-at="2022-02-15T23:20:59 CST" name="Suite" finished-at="2022-02-15T23:20:59 CST" duration-ms="93">
    <groups>
    </groups>
    <test started-at="2022-02-15T23:20:59 CST" name="Test" finished-at="2022-02-15T23:20:59 CST" duration-ms="93">
      <class name="com.testNg.testNgAnnotations">
        <test-method is-config="true" signature="beforeSuite()[pri:0, instance:com.testNg.testNgAnnotations@4c60d6e9]" started-at="2022-02-15T23:20:59 CST" name="beforeSuite" finished-at="2022-02-15T23:20:59 CST" duration-ms="5" status="PASS">
          <reporter-output>
          </reporter-output>
        </test-method> <!-- beforeSuite -->
        <test-method is-config="true" signature="beforeTest()[pri:0, instance:com.testNg.testNgAnnotations@4c60d6e9]" started-at="2022-02-15T23:20:59 CST" name="beforeTest" finished-at="2022-02-15T23:20:59 CST" duration-ms="0" status="PASS">
          <reporter-output>
          </reporter-output>
        </test-method> <!-- beforeTest -->
        <test-method is-config="true" signature="beforeClass()[pri:0, instance:com.testNg.testNgAnnotations@4c60d6e9]" started-at="2022-02-15T23:20:59 CST" name="beforeClass" finished-at="2022-02-15T23:20:59 CST" duration-ms="2" status="PASS">
          <reporter-output>
          </reporter-output>
        </test-method> <!-- beforeClass -->
        <test-method is-config="true" signature="beforeMethod()[pri:0, instance:com.testNg.testNgAnnotations@4c60d6e9]" started-at="2022-02-15T23:20:59 CST" name="beforeMethod" finished-at="2022-02-15T23:20:59 CST" duration-ms="0" status="PASS">
          <reporter-output>
          </reporter-output>
        </test-method> <!-- beforeMethod -->
        <test-method signature="testcase5()[pri:-13, instance:com.testNg.testNgAnnotations@4c60d6e9]" started-at="2022-02-15T23:20:59 CST" name="testcase5" finished-at="2022-02-15T23:20:59 CST" duration-ms="7" status="PASS">
          <reporter-output>
          </reporter-output>
        </test-method> <!-- testcase5 -->
        <test-method is-config="true" signature="afterMethod()[pri:0, instance:com.testNg.testNgAnnotations@4c60d6e9]" started-at="2022-02-15T23:20:59 CST" name="afterMethod" finished-at="2022-02-15T23:20:59 CST" duration-ms="1" status="PASS">
          <reporter-output>
          </reporter-output>
        </test-method> <!-- afterMethod -->
        <test-method signature="testcase1()[pri:-4, instance:com.testNg.testNgAnnotations@4c60d6e9]" started-at="2022-02-15T23:20:59 CST" name="testcase1" finished-at="2022-02-15T23:20:59 CST" duration-ms="1" status="PASS">
          <reporter-output>
          </reporter-output>
        </test-method> <!-- testcase1 -->
        <test-method is-config="true" signature="beforeMethod()[pri:0, instance:com.testNg.testNgAnnotations@4c60d6e9]" started-at="2022-02-15T23:20:59 CST" name="beforeMethod" finished-at="2022-02-15T23:20:59 CST" duration-ms="0" status="PASS">
          <reporter-output>
          </reporter-output>
        </test-method> <!-- beforeMethod -->
        <test-method is-config="true" signature="afterMethod()[pri:0, instance:com.testNg.testNgAnnotations@4c60d6e9]" started-at="2022-02-15T23:20:59 CST" name="afterMethod" finished-at="2022-02-15T23:20:59 CST" duration-ms="0" status="PASS">
          <reporter-output>
          </reporter-output>
        </test-method> <!-- afterMethod -->
        <test-method signature="Testcase3()[pri:0, instance:com.testNg.testNgAnnotations@4c60d6e9]" started-at="2022-02-15T23:20:59 CST" name="Testcase3" finished-at="2022-02-15T23:20:59 CST" duration-ms="4" status="PASS">
          <reporter-output>
          </reporter-output>
        </test-method> <!-- Testcase3 -->
        <test-method is-config="true" signature="beforeMethod()[pri:0, instance:com.testNg.testNgAnnotations@4c60d6e9]" started-at="2022-02-15T23:20:59 CST" name="beforeMethod" finished-at="2022-02-15T23:20:59 CST" duration-ms="0" status="PASS">
          <reporter-output>
          </reporter-output>
        </test-method> <!-- beforeMethod -->
        <test-method is-config="true" signature="afterMethod()[pri:0, instance:com.testNg.testNgAnnotations@4c60d6e9]" started-at="2022-02-15T23:20:59 CST" name="afterMethod" finished-at="2022-02-15T23:20:59 CST" duration-ms="0" status="PASS">
          <reporter-output>
          </reporter-output>
        </test-method> <!-- afterMethod -->
        <test-method is-config="true" signature="beforeMethod()[pri:0, instance:com.testNg.testNgAnnotations@4c60d6e9]" started-at="2022-02-15T23:20:59 CST" name="beforeMethod" finished-at="2022-02-15T23:20:59 CST" duration-ms="0" status="PASS">
          <reporter-output>
          </reporter-output>
        </test-method> <!-- beforeMethod -->
        <test-method signature="testcase2()[pri:9, instance:com.testNg.testNgAnnotations@4c60d6e9]" started-at="2022-02-15T23:20:59 CST" name="testcase2" finished-at="2022-02-15T23:20:59 CST" duration-ms="1" status="PASS">
          <reporter-output>
          </reporter-output>
        </test-method> <!-- testcase2 -->
        <test-method is-config="true" signature="afterMethod()[pri:0, instance:com.testNg.testNgAnnotations@4c60d6e9]" started-at="2022-02-15T23:20:59 CST" name="afterMethod" finished-at="2022-02-15T23:20:59 CST" duration-ms="0" status="PASS">
          <reporter-output>
          </reporter-output>
        </test-method> <!-- afterMethod -->
        <test-method is-config="true" signature="afterTest()[pri:0, instance:com.testNg.testNgAnnotations@4c60d6e9]" started-at="2022-02-15T23:20:59 CST" name="afterTest" finished-at="2022-02-15T23:20:59 CST" duration-ms="2" status="PASS">
          <reporter-output>
          </reporter-output>
        </test-method> <!-- afterTest -->
        <test-method is-config="true" signature="afterClass()[pri:0, instance:com.testNg.testNgAnnotations@4c60d6e9]" started-at="2022-02-15T23:20:59 CST" name="afterClass" finished-at="2022-02-15T23:20:59 CST" duration-ms="0" status="PASS">
          <reporter-output>
          </reporter-output>
        </test-method> <!-- afterClass -->
        <test-method is-config="true" signature="afterSuite()[pri:0, instance:com.testNg.testNgAnnotations@4c60d6e9]" started-at="2022-02-15T23:20:59 CST" name="afterSuite" finished-at="2022-02-15T23:20:59 CST" duration-ms="0" status="PASS">
          <reporter-output>
          </reporter-output>
        </test-method> <!-- afterSuite -->
      </class> <!-- com.testNg.testNgAnnotations -->
    </test> <!-- Test -->
  </suite> <!-- Suite -->
</testng-results>
